<?xml version="1.0" encoding="UTF-8"?>
<!-- Generated by org.testng.reporters.JUnitReportReporter -->
<testsuite name="com.learnautomation.TestCases.LoginTestCRM" tests="1" time="2.078" ignored="0" failures="0" timestamp="28 Jun 2020 07:23:28 GMT" skipped="0" hostname="monalika" errors="0">
  <testcase name="loginApp" time="2.078" classname="com.learnautomation.TestCases.LoginTestCRM"/>
</testsuite> <!-- com.learnautomation.TestCases.LoginTestCRM -->
