<?xml version="1.0" encoding="UTF-8"?>
<!-- Generated by org.testng.reporters.JUnitReportReporter -->
<testsuite name="com.learnautomation.TestCases.LoginTestCRM" tests="1" time="1.867" ignored="0" failures="0" timestamp="30 Jun 2020 17:44:16 GMT" skipped="0" hostname="monalika" errors="0">
  <testcase name="loginApp" time="1.867" classname="com.learnautomation.TestCases.LoginTestCRM"/>
</testsuite> <!-- com.learnautomation.TestCases.LoginTestCRM -->
